<?xml version="1.0" encoding="UTF-8"?>
<!-- Generated by org.testng.reporters.JUnitReportReporter -->
<testsuite skipped="0" hostname="Wirecards-MacBook-Air.local" name="CucumberTestRunnerWD" tests="5" failures="0" timestamp="16 Nov 2018 04:33:56 GMT" time="0.219" errors="0">
  <testcase name="feature" time="0.002" classname="CucumberTestRunnerWD"/>
  <testcase name="feature" time="0.205" classname="CucumberTestRunnerWD"/>
  <testcase name="feature" time="0.003" classname="CucumberTestRunnerWD"/>
  <testcase name="feature" time="0.004" classname="CucumberTestRunnerWD"/>
  <testcase name="feature" time="0.005" classname="CucumberTestRunnerWD"/>
</testsuite> <!-- CucumberTestRunnerWD -->
